running develop
running egg_info
creating exam_robot.egg-info
writing exam_robot.egg-info/PKG-INFO
writing dependency_links to exam_robot.egg-info/dependency_links.txt
writing entry points to exam_robot.egg-info/entry_points.txt
writing requirements to exam_robot.egg-info/requires.txt
writing top-level names to exam_robot.egg-info/top_level.txt
writing manifest file 'exam_robot.egg-info/SOURCES.txt'
reading manifest file 'exam_robot.egg-info/SOURCES.txt'
writing manifest file 'exam_robot.egg-info/SOURCES.txt'
running build_ext
Creating /home/student/ros2_ws/install/exam_robot/lib/python3.12/site-packages/exam-robot.egg-link (link to .)
Installing battery_node script to /home/student/ros2_ws/install/exam_robot/lib/exam_robot
Installing distance_sensor script to /home/student/ros2_ws/install/exam_robot/lib/exam_robot
Installing robot_controller script to /home/student/ros2_ws/install/exam_robot/lib/exam_robot
Installing status_display script to /home/student/ros2_ws/install/exam_robot/lib/exam_robot

Installed /home/student/ros2_ws/build/exam_robot
running symlink_data
creating /home/student/ros2_ws/install/exam_robot/share/ament_index
creating /home/student/ros2_ws/install/exam_robot/share/ament_index/resource_index
creating /home/student/ros2_ws/install/exam_robot/share/ament_index/resource_index/packages
symbolically linking /home/student/ros2_ws/build/exam_robot/resource/exam_robot -> /home/student/ros2_ws/install/exam_robot/share/ament_index/resource_index/packages
symbolically linking /home/student/ros2_ws/build/exam_robot/package.xml -> /home/student/ros2_ws/install/exam_robot/share/exam_robot
creating /home/student/ros2_ws/install/exam_robot/share/exam_robot/launch
