[1.377s] Invoking command in '/home/student/ros2_ws/build/exam_robot': PYTHONPATH=/home/student/ros2_ws/build/exam_robot/prefix_override:/usr/lib/python3/dist-packages/colcon_core/task/python/colcon_distutils_commands:/home/student/ros2_ws/install/exam_robot/lib/python3.12/site-packages:${PYTHONPATH} /usr/bin/python3 -W ignore:setup.py install is deprecated -W ignore:easy_install command is deprecated setup.py develop --editable --build-directory /home/student/ros2_ws/build/exam_robot/build --no-deps symlink_data
[1.750s] running develop
[1.983s] running egg_info
[1.984s] creating exam_robot.egg-info
[2.004s] writing exam_robot.egg-info/PKG-INFO
[2.005s] writing dependency_links to exam_robot.egg-info/dependency_links.txt
[2.005s] writing entry points to exam_robot.egg-info/entry_points.txt
[2.005s] writing requirements to exam_robot.egg-info/requires.txt
[2.005s] writing top-level names to exam_robot.egg-info/top_level.txt
[2.012s] writing manifest file 'exam_robot.egg-info/SOURCES.txt'
[2.056s] reading manifest file 'exam_robot.egg-info/SOURCES.txt'
[2.057s] writing manifest file 'exam_robot.egg-info/SOURCES.txt'
[2.080s] running build_ext
[2.080s] Creating /home/student/ros2_ws/install/exam_robot/lib/python3.12/site-packages/exam-robot.egg-link (link to .)
[2.080s] Installing battery_node script to /home/student/ros2_ws/install/exam_robot/lib/exam_robot
[2.081s] Installing distance_sensor script to /home/student/ros2_ws/install/exam_robot/lib/exam_robot
[2.081s] Installing robot_controller script to /home/student/ros2_ws/install/exam_robot/lib/exam_robot
[2.082s] Installing status_display script to /home/student/ros2_ws/install/exam_robot/lib/exam_robot
[2.082s] 
[2.082s] Installed /home/student/ros2_ws/build/exam_robot
[2.082s] running symlink_data
[2.082s] creating /home/student/ros2_ws/install/exam_robot/share/ament_index
[2.083s] creating /home/student/ros2_ws/install/exam_robot/share/ament_index/resource_index
[2.083s] creating /home/student/ros2_ws/install/exam_robot/share/ament_index/resource_index/packages
[2.084s] symbolically linking /home/student/ros2_ws/build/exam_robot/resource/exam_robot -> /home/student/ros2_ws/install/exam_robot/share/ament_index/resource_index/packages
[2.084s] symbolically linking /home/student/ros2_ws/build/exam_robot/package.xml -> /home/student/ros2_ws/install/exam_robot/share/exam_robot
[2.084s] creating /home/student/ros2_ws/install/exam_robot/share/exam_robot/launch
[2.124s] Invoked command in '/home/student/ros2_ws/build/exam_robot' returned '0': PYTHONPATH=/home/student/ros2_ws/build/exam_robot/prefix_override:/usr/lib/python3/dist-packages/colcon_core/task/python/colcon_distutils_commands:/home/student/ros2_ws/install/exam_robot/lib/python3.12/site-packages:${PYTHONPATH} /usr/bin/python3 -W ignore:setup.py install is deprecated -W ignore:easy_install command is deprecated setup.py develop --editable --build-directory /home/student/ros2_ws/build/exam_robot/build --no-deps symlink_data
