running develop
running egg_info
creating my_robot_controller.egg-info
writing my_robot_controller.egg-info/PKG-INFO
writing dependency_links to my_robot_controller.egg-info/dependency_links.txt
writing entry points to my_robot_controller.egg-info/entry_points.txt
writing requirements to my_robot_controller.egg-info/requires.txt
writing top-level names to my_robot_controller.egg-info/top_level.txt
writing manifest file 'my_robot_controller.egg-info/SOURCES.txt'
reading manifest file 'my_robot_controller.egg-info/SOURCES.txt'
writing manifest file 'my_robot_controller.egg-info/SOURCES.txt'
running build_ext
Creating /home/student/ros2_ws/src/my_robot_controller/my_robot_controller/install/my_robot_controller/lib/python3.12/site-packages/my-robot-controller.egg-link (link to .)
Installing battery_node script to /home/student/ros2_ws/src/my_robot_controller/my_robot_controller/install/my_robot_controller/bin
Installing encoder_simulator script to /home/student/ros2_ws/src/my_robot_controller/my_robot_controller/install/my_robot_controller/bin
Installing imu_reader script to /home/student/ros2_ws/src/my_robot_controller/my_robot_controller/install/my_robot_controller/bin
Installing imu_simulator script to /home/student/ros2_ws/src/my_robot_controller/my_robot_controller/install/my_robot_controller/bin
Installing lidar_simulator script to /home/student/ros2_ws/src/my_robot_controller/my_robot_controller/install/my_robot_controller/bin
Installing motor_simulator script to /home/student/ros2_ws/src/my_robot_controller/my_robot_controller/install/my_robot_controller/bin
Installing system_monitor script to /home/student/ros2_ws/src/my_robot_controller/my_robot_controller/install/my_robot_controller/bin
Installing temperature_sensor script to /home/student/ros2_ws/src/my_robot_controller/my_robot_controller/install/my_robot_controller/bin
Installing tof_simulator script to /home/student/ros2_ws/src/my_robot_controller/my_robot_controller/install/my_robot_controller/bin
Installing wheel_odometry script to /home/student/ros2_ws/src/my_robot_controller/my_robot_controller/install/my_robot_controller/bin

Installed /home/student/ros2_ws/src/my_robot_controller/my_robot_controller/build/my_robot_controller
running symlink_data
creating /home/student/ros2_ws/src/my_robot_controller/my_robot_controller/install/my_robot_controller/share
creating /home/student/ros2_ws/src/my_robot_controller/my_robot_controller/install/my_robot_controller/share/ament_index
creating /home/student/ros2_ws/src/my_robot_controller/my_robot_controller/install/my_robot_controller/share/ament_index/resource_index
creating /home/student/ros2_ws/src/my_robot_controller/my_robot_controller/install/my_robot_controller/share/ament_index/resource_index/packages
