[2.950s] Invoking command in '/home/student/ros2_ws/src/my_robot_controller/my_robot_controller/build/my_robot_controller': PYTHONPATH=/home/student/ros2_ws/src/my_robot_controller/my_robot_controller/build/my_robot_controller/prefix_override:/usr/lib/python3/dist-packages/colcon_core/task/python/colcon_distutils_commands:/home/student/ros2_ws/src/my_robot_controller/my_robot_controller/install/my_robot_controller/lib/python3.12/site-packages:${PYTHONPATH} /usr/bin/python3 -W ignore:setup.py install is deprecated -W ignore:easy_install command is deprecated setup.py develop --editable --build-directory /home/student/ros2_ws/src/my_robot_controller/my_robot_controller/build/my_robot_controller/build --no-deps symlink_data
[3.779s] running develop
[4.344s] running egg_info
[4.345s] creating my_robot_controller.egg-info
[4.397s] writing my_robot_controller.egg-info/PKG-INFO
[4.397s] writing dependency_links to my_robot_controller.egg-info/dependency_links.txt
[4.398s] writing entry points to my_robot_controller.egg-info/entry_points.txt
[4.399s] writing requirements to my_robot_controller.egg-info/requires.txt
[4.399s] writing top-level names to my_robot_controller.egg-info/top_level.txt
[4.409s] writing manifest file 'my_robot_controller.egg-info/SOURCES.txt'
[4.461s] reading manifest file 'my_robot_controller.egg-info/SOURCES.txt'
[4.462s] writing manifest file 'my_robot_controller.egg-info/SOURCES.txt'
[4.516s] running build_ext
[4.572s] Creating /home/student/ros2_ws/src/my_robot_controller/my_robot_controller/install/my_robot_controller/lib/python3.12/site-packages/my-robot-controller.egg-link (link to .)
[4.573s] Installing battery_node script to /home/student/ros2_ws/src/my_robot_controller/my_robot_controller/install/my_robot_controller/bin
[4.575s] Installing encoder_simulator script to /home/student/ros2_ws/src/my_robot_controller/my_robot_controller/install/my_robot_controller/bin
[4.576s] Installing imu_reader script to /home/student/ros2_ws/src/my_robot_controller/my_robot_controller/install/my_robot_controller/bin
[4.576s] Installing imu_simulator script to /home/student/ros2_ws/src/my_robot_controller/my_robot_controller/install/my_robot_controller/bin
[4.577s] Installing lidar_simulator script to /home/student/ros2_ws/src/my_robot_controller/my_robot_controller/install/my_robot_controller/bin
[4.577s] Installing motor_simulator script to /home/student/ros2_ws/src/my_robot_controller/my_robot_controller/install/my_robot_controller/bin
[4.577s] Installing system_monitor script to /home/student/ros2_ws/src/my_robot_controller/my_robot_controller/install/my_robot_controller/bin
[4.578s] Installing temperature_sensor script to /home/student/ros2_ws/src/my_robot_controller/my_robot_controller/install/my_robot_controller/bin
[4.578s] Installing tof_simulator script to /home/student/ros2_ws/src/my_robot_controller/my_robot_controller/install/my_robot_controller/bin
[4.579s] Installing wheel_odometry script to /home/student/ros2_ws/src/my_robot_controller/my_robot_controller/install/my_robot_controller/bin
[4.579s] 
[4.580s] Installed /home/student/ros2_ws/src/my_robot_controller/my_robot_controller/build/my_robot_controller
[4.581s] running symlink_data
[4.581s] creating /home/student/ros2_ws/src/my_robot_controller/my_robot_controller/install/my_robot_controller/share
[4.581s] creating /home/student/ros2_ws/src/my_robot_controller/my_robot_controller/install/my_robot_controller/share/ament_index
[4.582s] creating /home/student/ros2_ws/src/my_robot_controller/my_robot_controller/install/my_robot_controller/share/ament_index/resource_index
[4.584s] creating /home/student/ros2_ws/src/my_robot_controller/my_robot_controller/install/my_robot_controller/share/ament_index/resource_index/packages
[4.585s] error: can't copy '/home/student/ros2_ws/src/my_robot_controller/my_robot_controller/build/my_robot_controller/resource/my_robot_controller': doesn't exist or not a regular file
[4.647s] Invoked command in '/home/student/ros2_ws/src/my_robot_controller/my_robot_controller/build/my_robot_controller' returned '1': PYTHONPATH=/home/student/ros2_ws/src/my_robot_controller/my_robot_controller/build/my_robot_controller/prefix_override:/usr/lib/python3/dist-packages/colcon_core/task/python/colcon_distutils_commands:/home/student/ros2_ws/src/my_robot_controller/my_robot_controller/install/my_robot_controller/lib/python3.12/site-packages:${PYTHONPATH} /usr/bin/python3 -W ignore:setup.py install is deprecated -W ignore:easy_install command is deprecated setup.py develop --editable --build-directory /home/student/ros2_ws/src/my_robot_controller/my_robot_controller/build/my_robot_controller/build --no-deps symlink_data
