[1.291s] Invoking command in '/home/student/ros2_ws/build/exam_robot': PYTHONPATH=/home/student/ros2_ws/build/exam_robot/prefix_override:/usr/lib/python3/dist-packages/colcon_core/task/python/colcon_distutils_commands:/home/student/ros2_ws/install/exam_robot/lib/python3.12/site-packages:${PYTHONPATH} /usr/bin/python3 -W ignore:setup.py install is deprecated -W ignore:easy_install command is deprecated setup.py develop --editable --build-directory /home/student/ros2_ws/build/exam_robot/build --no-deps symlink_data
[1.646s] running develop
[1.876s] running egg_info
[1.897s] writing exam_robot.egg-info/PKG-INFO
[1.898s] writing dependency_links to exam_robot.egg-info/dependency_links.txt
[1.899s] writing entry points to exam_robot.egg-info/entry_points.txt
[1.899s] writing requirements to exam_robot.egg-info/requires.txt
[1.899s] writing top-level names to exam_robot.egg-info/top_level.txt
[1.944s] reading manifest file 'exam_robot.egg-info/SOURCES.txt'
[1.945s] writing manifest file 'exam_robot.egg-info/SOURCES.txt'
[1.968s] running build_ext
[1.968s] Creating /home/student/ros2_ws/install/exam_robot/lib/python3.12/site-packages/exam-robot.egg-link (link to .)
[1.968s] Installing battery_node script to /home/student/ros2_ws/install/exam_robot/lib/exam_robot
[1.969s] Installing distance_sensor script to /home/student/ros2_ws/install/exam_robot/lib/exam_robot
[1.969s] Installing robot_controller script to /home/student/ros2_ws/install/exam_robot/lib/exam_robot
[1.970s] Installing status_display script to /home/student/ros2_ws/install/exam_robot/lib/exam_robot
[1.970s] 
[1.970s] Installed /home/student/ros2_ws/build/exam_robot
[1.970s] running symlink_data
[2.003s] Invoked command in '/home/student/ros2_ws/build/exam_robot' returned '0': PYTHONPATH=/home/student/ros2_ws/build/exam_robot/prefix_override:/usr/lib/python3/dist-packages/colcon_core/task/python/colcon_distutils_commands:/home/student/ros2_ws/install/exam_robot/lib/python3.12/site-packages:${PYTHONPATH} /usr/bin/python3 -W ignore:setup.py install is deprecated -W ignore:easy_install command is deprecated setup.py develop --editable --build-directory /home/student/ros2_ws/build/exam_robot/build --no-deps symlink_data
