[2.654s] Invoking command in '/home/student/ros2_ws/build/exam_robot': PYTHONPATH=/home/student/ros2_ws/build/exam_robot/prefix_override:/usr/lib/python3/dist-packages/colcon_core/task/python/colcon_distutils_commands:/home/student/ros2_ws/install/exam_robot/lib/python3.12/site-packages:${PYTHONPATH} /usr/bin/python3 -W ignore:setup.py install is deprecated -W ignore:easy_install command is deprecated setup.py develop --editable --build-directory /home/student/ros2_ws/build/exam_robot/build --no-deps symlink_data
[3.295s] running develop
[3.760s] running egg_info
[3.797s] writing exam_robot.egg-info/PKG-INFO
[3.800s] writing dependency_links to exam_robot.egg-info/dependency_links.txt
[3.800s] writing entry points to exam_robot.egg-info/entry_points.txt
[3.801s] writing requirements to exam_robot.egg-info/requires.txt
[3.801s] writing top-level names to exam_robot.egg-info/top_level.txt
[3.893s] reading manifest file 'exam_robot.egg-info/SOURCES.txt'
[3.895s] writing manifest file 'exam_robot.egg-info/SOURCES.txt'
[3.939s] running build_ext
[3.939s] Creating /home/student/ros2_ws/install/exam_robot/lib/python3.12/site-packages/exam-robot.egg-link (link to .)
[3.940s] Installing battery_node script to /home/student/ros2_ws/install/exam_robot/lib/exam_robot
[3.943s] Installing distance_sensor script to /home/student/ros2_ws/install/exam_robot/lib/exam_robot
[3.944s] Installing robot_controller script to /home/student/ros2_ws/install/exam_robot/lib/exam_robot
[3.946s] Installing status_display script to /home/student/ros2_ws/install/exam_robot/lib/exam_robot
[3.946s] 
[3.947s] Installed /home/student/ros2_ws/build/exam_robot
[3.947s] running symlink_data
[3.949s] symbolically linking /home/student/ros2_ws/build/exam_robot/launch/robot_system.launch.py -> /home/student/ros2_ws/install/exam_robot/share/exam_robot/launch
[4.008s] Invoked command in '/home/student/ros2_ws/build/exam_robot' returned '0': PYTHONPATH=/home/student/ros2_ws/build/exam_robot/prefix_override:/usr/lib/python3/dist-packages/colcon_core/task/python/colcon_distutils_commands:/home/student/ros2_ws/install/exam_robot/lib/python3.12/site-packages:${PYTHONPATH} /usr/bin/python3 -W ignore:setup.py install is deprecated -W ignore:easy_install command is deprecated setup.py develop --editable --build-directory /home/student/ros2_ws/build/exam_robot/build --no-deps symlink_data
