[1.950s] Invoking command in '/home/student/ros2_ws/build/exam_robot': PYTHONPATH=/home/student/ros2_ws/build/exam_robot/prefix_override:/usr/lib/python3/dist-packages/colcon_core/task/python/colcon_distutils_commands:/home/student/ros2_ws/install/exam_robot/lib/python3.12/site-packages:${PYTHONPATH} /usr/bin/python3 -W ignore:setup.py install is deprecated -W ignore:easy_install command is deprecated setup.py develop --editable --build-directory /home/student/ros2_ws/build/exam_robot/build --no-deps symlink_data
[2.474s] running develop
[2.833s] running egg_info
[2.863s] writing exam_robot.egg-info/PKG-INFO
[2.864s] writing dependency_links to exam_robot.egg-info/dependency_links.txt
[2.864s] writing entry points to exam_robot.egg-info/entry_points.txt
[2.865s] writing requirements to exam_robot.egg-info/requires.txt
[2.865s] writing top-level names to exam_robot.egg-info/top_level.txt
[2.962s] reading manifest file 'exam_robot.egg-info/SOURCES.txt'
[2.963s] writing manifest file 'exam_robot.egg-info/SOURCES.txt'
[2.994s] running build_ext
[2.995s] Creating /home/student/ros2_ws/install/exam_robot/lib/python3.12/site-packages/exam-robot.egg-link (link to .)
[2.996s] Installing battery_node script to /home/student/ros2_ws/install/exam_robot/lib/exam_robot
[2.997s] Installing distance_sensor script to /home/student/ros2_ws/install/exam_robot/lib/exam_robot
[2.997s] Installing robot_controller script to /home/student/ros2_ws/install/exam_robot/lib/exam_robot
[2.998s] Installing status_display script to /home/student/ros2_ws/install/exam_robot/lib/exam_robot
[2.999s] 
[3.000s] Installed /home/student/ros2_ws/build/exam_robot
[3.000s] running symlink_data
[3.001s] creating /home/student/ros2_ws/install/exam_robot/share/exam_robot/urdf
[3.002s] symbolically linking /home/student/ros2_ws/build/exam_robot/urdf/exam_robot.urdf -> /home/student/ros2_ws/install/exam_robot/share/exam_robot/urdf
[3.050s] Invoked command in '/home/student/ros2_ws/build/exam_robot' returned '0': PYTHONPATH=/home/student/ros2_ws/build/exam_robot/prefix_override:/usr/lib/python3/dist-packages/colcon_core/task/python/colcon_distutils_commands:/home/student/ros2_ws/install/exam_robot/lib/python3.12/site-packages:${PYTHONPATH} /usr/bin/python3 -W ignore:setup.py install is deprecated -W ignore:easy_install command is deprecated setup.py develop --editable --build-directory /home/student/ros2_ws/build/exam_robot/build --no-deps symlink_data
