[1.311s] Invoking command in '/home/student/ros2_ws/build/exam_robot': PYTHONPATH=/home/student/ros2_ws/build/exam_robot/prefix_override:/usr/lib/python3/dist-packages/colcon_core/task/python/colcon_distutils_commands:/home/student/ros2_ws/install/exam_robot/lib/python3.12/site-packages:${PYTHONPATH} /usr/bin/python3 -W ignore:setup.py install is deprecated -W ignore:easy_install command is deprecated setup.py develop --editable --build-directory /home/student/ros2_ws/build/exam_robot/build --no-deps symlink_data
[1.675s] running develop
[2.024s] running egg_info
[2.048s] writing exam_robot.egg-info/PKG-INFO
[2.048s] writing dependency_links to exam_robot.egg-info/dependency_links.txt
[2.049s] writing entry points to exam_robot.egg-info/entry_points.txt
[2.049s] writing requirements to exam_robot.egg-info/requires.txt
[2.049s] writing top-level names to exam_robot.egg-info/top_level.txt
[2.104s] reading manifest file 'exam_robot.egg-info/SOURCES.txt'
[2.105s] writing manifest file 'exam_robot.egg-info/SOURCES.txt'
[2.129s] running build_ext
[2.130s] Creating /home/student/ros2_ws/install/exam_robot/lib/python3.12/site-packages/exam-robot.egg-link (link to .)
[2.130s] Installing battery_node script to /home/student/ros2_ws/install/exam_robot/lib/exam_robot
[2.131s] Installing distance_sensor script to /home/student/ros2_ws/install/exam_robot/lib/exam_robot
[2.131s] Installing robot_controller script to /home/student/ros2_ws/install/exam_robot/lib/exam_robot
[2.131s] Installing status_display script to /home/student/ros2_ws/install/exam_robot/lib/exam_robot
[2.132s] 
[2.132s] Installed /home/student/ros2_ws/build/exam_robot
[2.132s] running symlink_data
[2.172s] Invoked command in '/home/student/ros2_ws/build/exam_robot' returned '0': PYTHONPATH=/home/student/ros2_ws/build/exam_robot/prefix_override:/usr/lib/python3/dist-packages/colcon_core/task/python/colcon_distutils_commands:/home/student/ros2_ws/install/exam_robot/lib/python3.12/site-packages:${PYTHONPATH} /usr/bin/python3 -W ignore:setup.py install is deprecated -W ignore:easy_install command is deprecated setup.py develop --editable --build-directory /home/student/ros2_ws/build/exam_robot/build --no-deps symlink_data
